<component name="libraryTable">
  <library name="junit-jupiter">
    <CLASSES>
      <root url="jar://$USER_HOME$/Documents/JUNIT/junit-jupiter-api-5.12.0-RC1.jar!/" />
      <root url="jar://$USER_HOME$/Documents/JUNIT/junit-jupiter-engine-5.12.0-RC1.jar!/" />
      <root url="jar://$USER_HOME$/Documents/JUNIT/junit-platform-commons-1.12.0-RC1.jar!/" />
      <root url="jar://$USER_HOME$/Documents/JUNIT/junit-platform-engine-1.12.0-RC1.jar!/" />
    </CLASSES>
    <JAVADOC />
    <SOURCES />
  </library>
</component>